2024-11-17T14:26:38.861Z - POST /register
2024-11-17T14:26:38.940Z - POST /register
2024-11-17T14:26:38.959Z - GET /users
2024-11-17T14:26:38.972Z - GET /users
2024-11-17T14:26:38.980Z - GET /users/e4d909c2-5464-4d6b-9f71-5270a8d86bf1
2024-11-17T14:26:38.991Z - GET /users
2024-11-17T14:26:39.000Z - DELETE /users/e4d909c2-5464-4d6b-9f71-5270a8d86bf1
2024-11-17T14:26:39.011Z - DELETE /users/nonexistent-id
2024-11-17T14:26:39.022Z - POST /register
2024-11-17T14:26:39.085Z - POST /login
2024-11-17T14:26:39.094Z - POST /login
2024-11-17T14:29:41.516Z - POST /register
2024-11-17T14:29:41.544Z - POST /register
2024-11-17T14:29:41.554Z - GET /users
2024-11-17T14:29:41.567Z - GET /users
2024-11-17T14:29:41.576Z - GET /users/db7c8694-5c57-46a7-b112-1e7229f588c2
2024-11-17T14:29:41.587Z - GET /users
2024-11-17T14:29:41.595Z - DELETE /users/db7c8694-5c57-46a7-b112-1e7229f588c2
2024-11-17T14:29:41.606Z - DELETE /users/nonexistent-id
2024-11-17T14:29:41.616Z - POST /register
2024-11-17T14:29:41.624Z - POST /login
2024-11-17T14:29:41.689Z - POST /login
2024-11-17T14:32:27.208Z - POST /register
2024-11-17T14:32:27.236Z - POST /register
2024-11-17T14:32:27.252Z - GET /users
2024-11-17T14:32:27.271Z - GET /users
2024-11-17T14:32:27.286Z - GET /users
2024-11-17T14:32:27.299Z - DELETE /users/nonexistent-id
2024-11-17T14:32:27.310Z - POST /register
2024-11-17T14:32:27.317Z - POST /login
2024-11-17T14:32:27.328Z - POST /login
2024-11-17T14:35:18.300Z - POST /register
2024-11-17T14:35:18.329Z - POST /register
2024-11-17T14:35:18.341Z - GET /users
2024-11-17T14:35:18.353Z - GET /users
2024-11-17T14:35:18.361Z - GET /users/56e909ec-e4c1-4dc5-b4bf-4197cf86a35d
2024-11-17T14:35:18.372Z - GET /users
2024-11-17T14:35:18.380Z - DELETE /users/56e909ec-e4c1-4dc5-b4bf-4197cf86a35d
2024-11-17T14:35:18.390Z - DELETE /users/nonexistent-id
2024-11-17T14:35:18.401Z - POST /register
2024-11-17T14:35:18.409Z - POST /login
2024-11-17T14:35:18.472Z - POST /login
2024-11-17T14:36:12.956Z - POST /register
2024-11-17T14:36:12.983Z - POST /register
2024-11-17T14:36:12.995Z - GET /users
2024-11-17T14:36:13.007Z - GET /users
2024-11-17T14:36:13.016Z - GET /users
2024-11-17T14:36:13.025Z - DELETE /users/nonexistent-id
2024-11-17T14:36:13.037Z - POST /register
2024-11-17T14:36:13.046Z - POST /login
2024-11-17T14:36:13.056Z - POST /login
2024-11-17T14:37:00.747Z - POST /users
2024-11-17T14:37:06.501Z - POST /register
2024-11-17T14:37:13.306Z - POST /register
2024-11-17T14:41:41.369Z - POST /register
2024-11-17T14:41:41.397Z - POST /register
2024-11-17T14:41:41.411Z - GET /users
2024-11-17T14:41:41.422Z - GET /users
2024-11-17T14:41:41.432Z - GET /users
2024-11-17T14:41:41.442Z - DELETE /users/nonexistent-id
2024-11-17T14:41:41.452Z - POST /register
2024-11-17T14:41:41.461Z - POST /login
2024-11-17T14:41:41.470Z - POST /login
2024-11-17T14:42:26.126Z - POST /register
2024-11-17T14:42:26.153Z - POST /register
2024-11-17T14:42:26.165Z - GET /users
2024-11-17T14:42:26.177Z - GET /users
2024-11-17T14:42:26.185Z - GET /users
2024-11-17T14:42:26.195Z - DELETE /users/nonexistent-id
2024-11-17T14:42:26.205Z - POST /register
2024-11-17T14:42:26.214Z - POST /login
2024-11-17T14:42:26.223Z - POST /login
2024-11-17T14:43:49.771Z - POST /register
2024-11-17T14:43:49.856Z - POST /register
2024-11-17T14:43:49.867Z - GET /users
2024-11-17T14:43:49.878Z - GET /users
2024-11-17T14:43:49.885Z - GET /users/1
2024-11-17T14:43:49.895Z - GET /users
2024-11-17T14:43:49.903Z - DELETE /users/1
2024-11-17T14:43:49.914Z - DELETE /users/nonexistent-id
2024-11-17T14:43:49.924Z - POST /register
2024-11-17T14:43:49.987Z - POST /login
2024-11-17T14:43:50.051Z - POST /login
2024-11-17T14:44:37.713Z - POST /register
2024-11-17T14:44:37.796Z - POST /register
2024-11-17T14:44:37.806Z - GET /users
2024-11-17T14:44:37.817Z - GET /users
2024-11-17T14:44:37.824Z - GET /users/1
2024-11-17T14:44:37.835Z - GET /users
2024-11-17T14:44:37.844Z - DELETE /users/1
2024-11-17T14:44:37.854Z - DELETE /users/nonexistent-id
2024-11-17T14:44:37.866Z - POST /register
2024-11-17T14:44:37.930Z - POST /login
2024-11-17T14:44:37.992Z - POST /login
2024-11-17T14:45:10.113Z - POST /register
2024-11-17T14:45:10.140Z - POST /register
2024-11-17T14:45:10.151Z - GET /users
2024-11-17T14:45:10.161Z - GET /users
2024-11-17T14:45:10.170Z - GET /users/100a9e72-5a87-452a-9466-4e0e483538a3
2024-11-17T14:45:10.180Z - GET /users
2024-11-17T14:45:10.188Z - DELETE /users/100a9e72-5a87-452a-9466-4e0e483538a3
2024-11-17T14:45:10.199Z - DELETE /users/nonexistent-id
2024-11-17T14:45:10.209Z - POST /register
2024-11-17T14:45:10.217Z - POST /login
2024-11-17T14:45:10.281Z - POST /login
2024-11-17T14:46:33.459Z - POST /register
2024-11-17T14:46:33.542Z - POST /register
2024-11-17T14:46:33.552Z - GET /users
2024-11-17T14:46:33.564Z - GET /users
2024-11-17T14:46:33.571Z - GET /users/1
2024-11-17T14:46:33.582Z - GET /users
2024-11-17T14:46:33.589Z - DELETE /users/1
2024-11-17T14:46:33.600Z - DELETE /users/nonexistent-id
2024-11-17T14:46:33.614Z - POST /register
2024-11-17T14:46:33.681Z - POST /login
2024-11-17T14:46:33.744Z - POST /login
2024-11-17T14:47:08.969Z - POST /register
2024-11-17T14:47:08.995Z - POST /register
2024-11-17T14:47:09.006Z - GET /users
2024-11-17T14:47:09.017Z - GET /users
2024-11-17T14:47:09.024Z - GET /users/f15059b0-effc-4617-9d0e-6c16a7ae0946
2024-11-17T14:47:09.033Z - GET /users
2024-11-17T14:47:09.040Z - DELETE /users/f15059b0-effc-4617-9d0e-6c16a7ae0946
2024-11-17T14:47:09.050Z - DELETE /users/nonexistent-id
2024-11-17T14:47:09.060Z - POST /register
2024-11-17T14:47:09.072Z - POST /login
2024-11-17T14:47:09.138Z - POST /login
2024-11-17T14:48:06.241Z - POST /register
2024-11-17T14:48:32.725Z - POST /register
2024-11-17T14:48:46.016Z - POST /register
2024-11-17T14:48:46.093Z - POST /register
2024-11-17T14:48:46.104Z - GET /users
2024-11-17T14:48:46.116Z - GET /users
2024-11-17T14:48:46.124Z - GET /users/1
2024-11-17T14:48:46.134Z - GET /users
2024-11-17T14:48:46.141Z - DELETE /users/1
2024-11-17T14:48:46.150Z - DELETE /users/nonexistent-id
2024-11-17T14:48:46.160Z - POST /register
2024-11-17T14:48:46.224Z - POST /login
2024-11-17T14:48:46.286Z - POST /login
2024-11-17T14:49:20.330Z - POST /register
2024-11-17T14:50:07.009Z - POST /register
2024-11-17T14:50:07.088Z - POST /register
2024-11-17T14:50:07.106Z - GET /users
2024-11-17T14:50:07.126Z - GET /users
2024-11-17T14:50:07.136Z - GET /users/1
2024-11-17T14:50:07.150Z - GET /users
2024-11-17T14:50:07.162Z - DELETE /users/1
2024-11-17T14:50:07.179Z - DELETE /users/nonexistent-id
2024-11-17T14:50:07.198Z - POST /register
2024-11-17T14:50:07.267Z - POST /login
2024-11-17T14:50:07.332Z - POST /login
2024-11-17T14:51:11.075Z - POST /register
2024-11-17T14:51:11.173Z - POST /register
2024-11-17T14:51:11.187Z - GET /users
2024-11-17T14:51:11.202Z - GET /users
2024-11-17T14:51:11.211Z - GET /users/1
2024-11-17T14:51:11.222Z - GET /users
2024-11-17T14:51:11.233Z - DELETE /users/1
2024-11-17T14:51:11.256Z - DELETE /users/nonexistent-id
2024-11-17T14:51:11.299Z - POST /register
2024-11-17T14:51:11.380Z - POST /login
2024-11-17T14:51:11.448Z - POST /login
2024-11-17T14:52:04.290Z - POST /register
2024-11-17T14:52:04.371Z - POST /register
2024-11-17T14:52:04.382Z - GET /users
2024-11-17T14:52:04.393Z - GET /users
2024-11-17T14:52:04.401Z - GET /users/1
2024-11-17T14:52:04.411Z - GET /users
2024-11-17T14:52:04.418Z - DELETE /users/1
2024-11-17T14:52:04.428Z - DELETE /users/nonexistent-id
2024-11-17T14:52:04.439Z - POST /register
2024-11-17T14:52:04.501Z - POST /login
2024-11-17T14:52:04.565Z - POST /login
2024-11-17T14:54:44.400Z - DELETE /users/cd71a439-4955-4279-a7dc-d979bdfd8664
2024-11-17T14:54:50.722Z - POST /register
